

Started GET "/" for 127.0.0.1 at 2015-07-28 19:40:19 -0400
Processing by HomeController#index as HTML
  Rendered home/index.html.erb within layouts/application (1.5ms)
Completed 500 Internal Server Error in 886ms (ActiveRecord: 0.0ms)

ActionView::Template::Error (Asset filtered out and will not be served: add `Rails.application.config.assets.precompile += %w( bootstrap-sass-official/assets/fonts/bootstrap/glyphicons-halflings-regular.woff2 )` to `config/initializers/assets.rb` and restart your server):
    2: <html>
    3: <head>
    4:   <title>Rangular</title>
    5:   <%= stylesheet_link_tag    'application', media: 'all', 'data-turbolinks-track' => true %>
    6:   <%= javascript_include_tag 'application', 'data-turbolinks-track' => true %>
    7:   <%= csrf_meta_tags %>
    8: </head>
  app/views/layouts/application.html.erb:5:in `_app_views_layouts_application_html_erb___1845916183413790191_69982846427360'


  Rendered /home/xm32x/.rbenv/versions/2.2.2/lib/ruby/gems/2.2.0/gems/actionpack-4.2.1/lib/action_dispatch/middleware/templates/rescues/_source.erb (13.1ms)
  Rendered /home/xm32x/.rbenv/versions/2.2.2/lib/ruby/gems/2.2.0/gems/actionpack-4.2.1/lib/action_dispatch/middleware/templates/rescues/_trace.html.erb (5.4ms)
  Rendered /home/xm32x/.rbenv/versions/2.2.2/lib/ruby/gems/2.2.0/gems/actionpack-4.2.1/lib/action_dispatch/middleware/templates/rescues/_request_and_response.html.erb (8.9ms)
  Rendered /home/xm32x/.rbenv/versions/2.2.2/lib/ruby/gems/2.2.0/gems/actionpack-4.2.1/lib/action_dispatch/middleware/templates/rescues/template_error.html.erb within rescues/layout (42.9ms)
  Rendered /home/xm32x/.rbenv/versions/2.2.2/lib/ruby/gems/2.2.0/gems/web-console-2.2.1/lib/web_console/templates/_markup.html.erb (0.6ms)
  Rendered /home/xm32x/.rbenv/versions/2.2.2/lib/ruby/gems/2.2.0/gems/web-console-2.2.1/lib/web_console/templates/_inner_console_markup.html.erb within layouts/inlined_string (0.3ms)
  Rendered /home/xm32x/.rbenv/versions/2.2.2/lib/ruby/gems/2.2.0/gems/web-console-2.2.1/lib/web_console/templates/_prompt_box_markup.html.erb within layouts/inlined_string (0.4ms)
  Rendered /home/xm32x/.rbenv/versions/2.2.2/lib/ruby/gems/2.2.0/gems/web-console-2.2.1/lib/web_console/templates/style.css.erb within layouts/inlined_string (0.3ms)
  Rendered /home/xm32x/.rbenv/versions/2.2.2/lib/ruby/gems/2.2.0/gems/web-console-2.2.1/lib/web_console/templates/console.js.erb within layouts/javascript (19.5ms)
  Rendered /home/xm32x/.rbenv/versions/2.2.2/lib/ruby/gems/2.2.0/gems/web-console-2.2.1/lib/web_console/templates/main.js.erb within layouts/javascript (0.3ms)
  Rendered /home/xm32x/.rbenv/versions/2.2.2/lib/ruby/gems/2.2.0/gems/web-console-2.2.1/lib/web_console/templates/error_page.js.erb within layouts/javascript (0.4ms)
  Rendered /home/xm32x/.rbenv/versions/2.2.2/lib/ruby/gems/2.2.0/gems/web-console-2.2.1/lib/web_console/templates/index.html.erb (41.5ms)


Started GET "/" for 127.0.0.1 at 2015-07-28 19:41:51 -0400
Processing by HomeController#index as HTML
  Rendered home/index.html.erb within layouts/application (1.0ms)
Completed 500 Internal Server Error in 256ms (ActiveRecord: 0.0ms)

ActionView::Template::Error (Asset filtered out and will not be served: add `Rails.application.config.assets.precompile += %w( bootstrap-sass-official/assets/fonts/bootstrap/glyphicons-halflings-regular.woff2 )` to `config/initializers/assets.rb` and restart your server):
    2: <html>
    3: <head>
    4:   <title>Rangular</title>
    5:   <%= stylesheet_link_tag    'application', media: 'all', 'data-turbolinks-track' => true %>
    6:   <%= javascript_include_tag 'application', 'data-turbolinks-track' => true %>
    7:   <%= csrf_meta_tags %>
    8: </head>
  app/views/layouts/application.html.erb:5:in `_app_views_layouts_application_html_erb__2370896020111481182_69848018232640'


  Rendered /home/xm32x/.rbenv/versions/2.2.2/lib/ruby/gems/2.2.0/gems/actionpack-4.2.1/lib/action_dispatch/middleware/templates/rescues/_source.erb (14.2ms)
  Rendered /home/xm32x/.rbenv/versions/2.2.2/lib/ruby/gems/2.2.0/gems/actionpack-4.2.1/lib/action_dispatch/middleware/templates/rescues/_trace.html.erb (5.1ms)
  Rendered /home/xm32x/.rbenv/versions/2.2.2/lib/ruby/gems/2.2.0/gems/actionpack-4.2.1/lib/action_dispatch/middleware/templates/rescues/_request_and_response.html.erb (9.1ms)
  Rendered /home/xm32x/.rbenv/versions/2.2.2/lib/ruby/gems/2.2.0/gems/actionpack-4.2.1/lib/action_dispatch/middleware/templates/rescues/template_error.html.erb within rescues/layout (43.4ms)
  Rendered /home/xm32x/.rbenv/versions/2.2.2/lib/ruby/gems/2.2.0/gems/web-console-2.2.1/lib/web_console/templates/_markup.html.erb (0.5ms)
  Rendered /home/xm32x/.rbenv/versions/2.2.2/lib/ruby/gems/2.2.0/gems/web-console-2.2.1/lib/web_console/templates/_inner_console_markup.html.erb within layouts/inlined_string (0.3ms)
  Rendered /home/xm32x/.rbenv/versions/2.2.2/lib/ruby/gems/2.2.0/gems/web-console-2.2.1/lib/web_console/templates/_prompt_box_markup.html.erb within layouts/inlined_string (0.2ms)
  Rendered /home/xm32x/.rbenv/versions/2.2.2/lib/ruby/gems/2.2.0/gems/web-console-2.2.1/lib/web_console/templates/style.css.erb within layouts/inlined_string (0.4ms)
  Rendered /home/xm32x/.rbenv/versions/2.2.2/lib/ruby/gems/2.2.0/gems/web-console-2.2.1/lib/web_console/templates/console.js.erb within layouts/javascript (16.7ms)
  Rendered /home/xm32x/.rbenv/versions/2.2.2/lib/ruby/gems/2.2.0/gems/web-console-2.2.1/lib/web_console/templates/main.js.erb within layouts/javascript (0.2ms)
  Rendered /home/xm32x/.rbenv/versions/2.2.2/lib/ruby/gems/2.2.0/gems/web-console-2.2.1/lib/web_console/templates/error_page.js.erb within layouts/javascript (0.4ms)
  Rendered /home/xm32x/.rbenv/versions/2.2.2/lib/ruby/gems/2.2.0/gems/web-console-2.2.1/lib/web_console/templates/index.html.erb (35.7ms)


Started GET "/" for 127.0.0.1 at 2015-07-28 19:44:13 -0400
Processing by HomeController#index as HTML
  Rendered home/index.html.erb within layouts/application (1.1ms)
Completed 200 OK in 2578ms (Views: 2577.2ms | ActiveRecord: 0.0ms)


Started GET "/assets/application.self-8767b92a93481f1a2b9d918e2f4ff71dc9450e1aafbd9d6e71768f5ffd347d8f.css?body=1" for 127.0.0.1 at 2015-07-28 19:44:16 -0400


Started GET "/assets/application.self-3b8dabdc891efe46b9a144b400ad69e37d7e5876bdc39dee783419a69d7ca819.js?body=1" for 127.0.0.1 at 2015-07-28 19:44:16 -0400


Started GET "/assets/app.self-8bfcf265a214b08f400469e2317984ff24c95e7108f9e1b8ad754d174e9cc2d7.js?body=1" for 127.0.0.1 at 2015-07-28 19:44:16 -0400


Started GET "/assets/jquery/dist/jquery.self-a4777c1acac0a74340755725342901a54ed000955bf6f5320491b8b2514c86ec.js?body=1" for 127.0.0.1 at 2015-07-28 19:44:16 -0400


Started GET "/assets/angular/angular.self-5918d434c9cc209ba9ff042e92494418b0d4189738c99bedd51c5bbdefe0f11c.js?body=1" for 127.0.0.1 at 2015-07-28 19:44:16 -0400


Started GET "/assets/jquery_ujs.self-ca5248a2fad13d6bd58ea121318d642f195f0b2dd818b30615f785ff365e8d1f.js?body=1" for 127.0.0.1 at 2015-07-28 19:44:16 -0400


Started GET "/" for 127.0.0.1 at 2015-07-28 21:06:12 -0400
Processing by HomeController#index as HTML
  Rendered home/index.html.erb within layouts/application (1.2ms)
Completed 200 OK in 2981ms (Views: 2980.3ms | ActiveRecord: 0.0ms)


Started GET "/assets/application.self-8767b92a93481f1a2b9d918e2f4ff71dc9450e1aafbd9d6e71768f5ffd347d8f.css?body=1" for 127.0.0.1 at 2015-07-28 21:06:16 -0400


Started GET "/assets/jquery/dist/jquery.self-a4777c1acac0a74340755725342901a54ed000955bf6f5320491b8b2514c86ec.js?body=1" for 127.0.0.1 at 2015-07-28 21:06:16 -0400


Started GET "/assets/jquery_ujs.self-ca5248a2fad13d6bd58ea121318d642f195f0b2dd818b30615f785ff365e8d1f.js?body=1" for 127.0.0.1 at 2015-07-28 21:06:16 -0400


Started GET "/assets/app.self-8bfcf265a214b08f400469e2317984ff24c95e7108f9e1b8ad754d174e9cc2d7.js?body=1" for 127.0.0.1 at 2015-07-28 21:06:16 -0400


Started GET "/assets/angular/angular.self-5918d434c9cc209ba9ff042e92494418b0d4189738c99bedd51c5bbdefe0f11c.js?body=1" for 127.0.0.1 at 2015-07-28 21:06:16 -0400


Started GET "/assets/application.self-3b8dabdc891efe46b9a144b400ad69e37d7e5876bdc39dee783419a69d7ca819.js?body=1" for 127.0.0.1 at 2015-07-28 21:06:16 -0400
